android/app/build/intermediates/manifest_merge_blame_file/release/manifest-merger-blame-release-report.txt
1<?xml version="1.0" encoding="utf-8"?>
2<manifest xmlns:android="http://schemas.android.com/apk/res/android"
3    package="sse.net.vn.vinaoptic"
4    android:versionCode="3"
5    android:versionName="1.0.0" >
6
7    <uses-sdk
8        android:minSdkVersion="21"
8-->src/main/AndroidManifest.xml
9        android:targetSdkVersion="30" />
9-->src/main/AndroidManifest.xml
10
11    <uses-permission android:name="android.permission.INTERNET" />
11-->src/main/AndroidManifest.xml:4:5-66
11-->src/main/AndroidManifest.xml:4:22-64
12    <uses-permission android:name="android.permission.CAMERA" />
12-->src/main/AndroidManifest.xml:5:5-64
12-->src/main/AndroidManifest.xml:5:22-62
13
14    <uses-feature android:name="android.hardware.camera" />
14-->[:flutter_barcode_scanner] AndroidManifest.xml:11:5-60
14-->[:flutter_barcode_scanner] AndroidManifest.xml:11:19-57
15
16    <uses-permission android:name="android.permission.FLASHLIGHT" />
16-->[:flutter_barcode_scanner] AndroidManifest.xml:13:5-69
16-->[:flutter_barcode_scanner] AndroidManifest.xml:13:22-66
17    <uses-permission android:name="android.permission.READ_EXTERNAL_STORAGE" />
17-->[:image_picker] AndroidManifest.xml:7:5-80
17-->[:image_picker] AndroidManifest.xml:7:22-77
18    <uses-permission android:name="android.permission.WRITE_EXTERNAL_STORAGE" />
18-->[:image_picker] AndroidManifest.xml:8:5-81
18-->[:image_picker] AndroidManifest.xml:8:22-78
19    <uses-permission android:name="android.permission.ACCESS_NETWORK_STATE" />
19-->[com.google.firebase:firebase-iid:20.0.1] AndroidManifest.xml:22:5-79
19-->[com.google.firebase:firebase-iid:20.0.1] AndroidManifest.xml:22:22-76
20    <uses-permission android:name="android.permission.WAKE_LOCK" /> <!-- Required by older versions of Google Play services to create IID tokens -->
20-->[com.google.firebase:firebase-iid:20.0.1] AndroidManifest.xml:24:5-68
20-->[com.google.firebase:firebase-iid:20.0.1] AndroidManifest.xml:24:22-65
21    <uses-permission android:name="com.google.android.c2dm.permission.RECEIVE" />
21-->[com.google.firebase:firebase-iid:20.0.1] AndroidManifest.xml:26:5-82
21-->[com.google.firebase:firebase-iid:20.0.1] AndroidManifest.xml:26:22-79
22
23    <application
23-->src/main/AndroidManifest.xml:7:4-44:19
24        android:appComponentFactory="androidx.core.app.CoreComponentFactory"
24-->[androidx.core:core:1.1.0] AndroidManifest.xml:24:18-86
25        android:icon="@mipmap/ic_launcher"
25-->src/main/AndroidManifest.xml:9:9-43
26        android:label="Vinaoptic"
26-->src/main/AndroidManifest.xml:8:9-34
27        android:largeHeap="true"
27-->[:flutter_barcode_scanner] AndroidManifest.xml:16:9-33
28        android:theme="@style/Theme.AppCompat.NoActionBar" >
28-->[:flutter_barcode_scanner] AndroidManifest.xml:17:9-59
29        <activity
29-->src/main/AndroidManifest.xml:10:9-38:20
30            android:name="sse.net.vn.vinaoptic.MainActivity"
30-->src/main/AndroidManifest.xml:11:13-41
31            android:configChanges="orientation|keyboardHidden|keyboard|screenSize|smallestScreenSize|locale|layoutDirection|fontScale|screenLayout|density|uiMode"
31-->src/main/AndroidManifest.xml:14:13-163
32            android:hardwareAccelerated="true"
32-->src/main/AndroidManifest.xml:15:13-47
33            android:launchMode="singleTop"
33-->src/main/AndroidManifest.xml:12:13-43
34            android:theme="@style/LaunchTheme"
34-->src/main/AndroidManifest.xml:13:13-47
35            android:windowSoftInputMode="adjustResize" >
35-->src/main/AndroidManifest.xml:16:13-55
36
37            <!--
38                 Specifies an Android theme to apply to this Activity as soon as
39                 the Android process has started. This theme is visible to the user
40                 while the Flutter UI initializes. After that, this theme continues
41                 to determine the Window background behind the Flutter UI.
42            -->
43            <meta-data
43-->src/main/AndroidManifest.xml:21:13-24:17
44                android:name="io.flutter.embedding.android.NormalTheme"
44-->src/main/AndroidManifest.xml:22:15-70
45                android:resource="@style/NormalTheme" />
45-->src/main/AndroidManifest.xml:23:15-52
46            <!--
47                 Displays an Android View that continues showing the launch screen
48                 Drawable until Flutter paints its first frame, then this splash
49                 screen fades out. A splash screen is useful to avoid any visual
50                 gap between the end of Android's launch screen and the painting of
51                 Flutter's first frame.
52            -->
53            <meta-data
53-->src/main/AndroidManifest.xml:30:13-33:17
54                android:name="io.flutter.embedding.android.SplashScreenDrawable"
54-->src/main/AndroidManifest.xml:31:15-79
55                android:resource="@drawable/launch_background" />
55-->src/main/AndroidManifest.xml:32:15-61
56
57            <intent-filter>
57-->src/main/AndroidManifest.xml:34:13-37:29
58                <action android:name="android.intent.action.MAIN" />
58-->src/main/AndroidManifest.xml:35:17-68
58-->src/main/AndroidManifest.xml:35:25-66
59
60                <category android:name="android.intent.category.LAUNCHER" />
60-->src/main/AndroidManifest.xml:36:17-76
60-->src/main/AndroidManifest.xml:36:27-74
61            </intent-filter>
62        </activity>
63        <!--
64             Don't delete the meta-data below.
65             This is used by the Flutter tool to generate GeneratedPluginRegistrant.java
66        -->
67        <meta-data
67-->src/main/AndroidManifest.xml:41:9-43:33
68            android:name="flutterEmbedding"
68-->src/main/AndroidManifest.xml:42:13-44
69            android:value="2" />
69-->src/main/AndroidManifest.xml:43:13-30
70
71        <activity android:name="com.amolg.flutterbarcodescanner.BarcodeCaptureActivity" />
71-->[:flutter_barcode_scanner] AndroidManifest.xml:18:9-91
71-->[:flutter_barcode_scanner] AndroidManifest.xml:18:19-88
72
73        <provider
73-->[:image_picker] AndroidManifest.xml:11:9-19:20
74            android:name="io.flutter.plugins.imagepicker.ImagePickerFileProvider"
74-->[:image_picker] AndroidManifest.xml:12:13-82
75            android:authorities="sse.net.vn.vinaoptic.flutter.image_provider"
75-->[:image_picker] AndroidManifest.xml:13:13-74
76            android:exported="false"
76-->[:image_picker] AndroidManifest.xml:14:13-37
77            android:grantUriPermissions="true" >
77-->[:image_picker] AndroidManifest.xml:15:13-47
78            <meta-data
78-->[:image_picker] AndroidManifest.xml:16:13-18:75
79                android:name="android.support.FILE_PROVIDER_PATHS"
79-->[:image_picker] AndroidManifest.xml:17:17-67
80                android:resource="@xml/flutter_image_picker_file_paths" />
80-->[:image_picker] AndroidManifest.xml:18:17-72
81        </provider>
82
83        <service android:name="io.flutter.plugins.firebasemessaging.FlutterFirebaseMessagingService" >
83-->[:firebase_messaging] AndroidManifest.xml:8:9-12:19
83-->[:firebase_messaging] AndroidManifest.xml:8:18-101
84            <intent-filter>
84-->[:firebase_messaging] AndroidManifest.xml:9:13-11:29
85                <action android:name="com.google.firebase.MESSAGING_EVENT" />
85-->[:firebase_messaging] AndroidManifest.xml:10:17-78
85-->[:firebase_messaging] AndroidManifest.xml:10:25-75
86            </intent-filter>
87        </service>
88        <service
88-->[:firebase_messaging] AndroidManifest.xml:13:9-17:19
89            android:name="com.google.firebase.components.ComponentDiscoveryService"
89-->[:firebase_messaging] AndroidManifest.xml:13:18-89
90            android:directBootAware="true"
90-->[com.google.firebase:firebase-common:19.3.0] AndroidManifest.xml:34:13-43
91            android:exported="false" >
91-->[com.google.firebase:firebase-auth:19.2.0] AndroidManifest.xml:35:13-37
92            <meta-data
92-->[:firebase_messaging] AndroidManifest.xml:14:13-16:85
93                android:name="com.google.firebase.components:io.flutter.plugins.firebasemessaging.FlutterFirebaseAppRegistrar"
93-->[:firebase_messaging] AndroidManifest.xml:15:17-127
94                android:value="com.google.firebase.components.ComponentRegistrar" />
94-->[:firebase_messaging] AndroidManifest.xml:16:17-82
95            <meta-data
95-->[:firebase_auth] AndroidManifest.xml:9:13-11:85
96                android:name="com.google.firebase.components:io.flutter.plugins.firebaseauth.FlutterFirebaseAppRegistrar"
96-->[:firebase_auth] AndroidManifest.xml:10:17-122
97                android:value="com.google.firebase.components.ComponentRegistrar" />
97-->[:firebase_auth] AndroidManifest.xml:11:17-82
98            <meta-data
98-->[:firebase_core] AndroidManifest.xml:9:13-11:85
99                android:name="com.google.firebase.components:io.flutter.plugins.firebase.core.FlutterFirebaseAppRegistrar"
99-->[:firebase_core] AndroidManifest.xml:10:17-123
100                android:value="com.google.firebase.components.ComponentRegistrar" />
100-->[:firebase_core] AndroidManifest.xml:11:17-82
101            <meta-data
101-->[com.google.firebase:firebase-auth:19.2.0] AndroidManifest.xml:36:13-38:85
102                android:name="com.google.firebase.components:com.google.firebase.auth.FirebaseAuthRegistrar"
102-->[com.google.firebase:firebase-auth:19.2.0] AndroidManifest.xml:37:17-109
103                android:value="com.google.firebase.components.ComponentRegistrar" />
103-->[com.google.firebase:firebase-auth:19.2.0] AndroidManifest.xml:38:17-82
104            <meta-data
104-->[com.google.firebase:firebase-iid:20.0.1] AndroidManifest.xml:32:13-34:85
105                android:name="com.google.firebase.components:com.google.firebase.iid.Registrar"
105-->[com.google.firebase:firebase-iid:20.0.1] AndroidManifest.xml:33:17-96
106                android:value="com.google.firebase.components.ComponentRegistrar" />
106-->[com.google.firebase:firebase-iid:20.0.1] AndroidManifest.xml:34:17-82
107        </service>
108
109        <activity
109-->[:url_launcher] AndroidManifest.xml:8:9-11:74
110            android:name="io.flutter.plugins.urllauncher.WebViewActivity"
110-->[:url_launcher] AndroidManifest.xml:9:13-74
111            android:exported="false"
111-->[:url_launcher] AndroidManifest.xml:10:13-37
112            android:theme="@android:style/Theme.NoTitleBar.Fullscreen" />
112-->[:url_launcher] AndroidManifest.xml:11:13-71
113        <activity
113-->[com.google.firebase:firebase-auth:19.2.0] AndroidManifest.xml:24:9-31:50
114            android:name="com.google.firebase.auth.internal.FederatedSignInActivity"
114-->[com.google.firebase:firebase-auth:19.2.0] AndroidManifest.xml:25:13-85
115            android:excludeFromRecents="true"
115-->[com.google.firebase:firebase-auth:19.2.0] AndroidManifest.xml:26:13-46
116            android:exported="true"
116-->[com.google.firebase:firebase-auth:19.2.0] AndroidManifest.xml:27:13-36
117            android:launchMode="singleTask"
117-->[com.google.firebase:firebase-auth:19.2.0] AndroidManifest.xml:28:13-44
118            android:permission="com.google.firebase.auth.api.gms.permission.LAUNCH_FEDERATED_SIGN_IN"
118-->[com.google.firebase:firebase-auth:19.2.0] AndroidManifest.xml:29:13-102
119            android:theme="@android:style/Theme.Translucent.NoTitleBar" />
119-->[com.google.firebase:firebase-auth:19.2.0] AndroidManifest.xml:30:13-72
120        <!--
121             FirebaseMessagingService performs security checks at runtime,
122             but set to not exported to explicitly avoid allowing another app to call it.
123        -->
124        <service
124-->[com.google.firebase:firebase-messaging:20.0.1] AndroidManifest.xml:28:9-34:19
125            android:name="com.google.firebase.messaging.FirebaseMessagingService"
125-->[com.google.firebase:firebase-messaging:20.0.1] AndroidManifest.xml:29:13-82
126            android:exported="false" >
126-->[com.google.firebase:firebase-messaging:20.0.1] AndroidManifest.xml:30:13-37
127            <intent-filter android:priority="-500" >
127-->[:firebase_messaging] AndroidManifest.xml:9:13-11:29
128                <action android:name="com.google.firebase.MESSAGING_EVENT" />
128-->[:firebase_messaging] AndroidManifest.xml:10:17-78
128-->[:firebase_messaging] AndroidManifest.xml:10:25-75
129            </intent-filter>
130        </service>
131
132        <receiver
132-->[com.google.firebase:firebase-iid:20.0.1] AndroidManifest.xml:37:9-44:20
133            android:name="com.google.firebase.iid.FirebaseInstanceIdReceiver"
133-->[com.google.firebase:firebase-iid:20.0.1] AndroidManifest.xml:38:13-78
134            android:exported="true"
134-->[com.google.firebase:firebase-iid:20.0.1] AndroidManifest.xml:39:13-36
135            android:permission="com.google.android.c2dm.permission.SEND" >
135-->[com.google.firebase:firebase-iid:20.0.1] AndroidManifest.xml:40:13-73
136            <intent-filter>
136-->[com.google.firebase:firebase-iid:20.0.1] AndroidManifest.xml:41:13-43:29
137                <action android:name="com.google.android.c2dm.intent.RECEIVE" />
137-->[com.google.firebase:firebase-iid:20.0.1] AndroidManifest.xml:42:17-81
137-->[com.google.firebase:firebase-iid:20.0.1] AndroidManifest.xml:42:25-78
138            </intent-filter>
139        </receiver>
140
141        <provider
141-->[com.google.firebase:firebase-common:19.3.0] AndroidManifest.xml:26:9-30:39
142            android:name="com.google.firebase.provider.FirebaseInitProvider"
142-->[com.google.firebase:firebase-common:19.3.0] AndroidManifest.xml:27:13-77
143            android:authorities="sse.net.vn.vinaoptic.firebaseinitprovider"
143-->[com.google.firebase:firebase-common:19.3.0] AndroidManifest.xml:28:13-72
144            android:exported="false"
144-->[com.google.firebase:firebase-common:19.3.0] AndroidManifest.xml:29:13-37
145            android:initOrder="100" />
145-->[com.google.firebase:firebase-common:19.3.0] AndroidManifest.xml:30:13-36
146
147        <activity
147-->[com.google.android.gms:play-services-base:17.1.0] AndroidManifest.xml:23:9-26:75
148            android:name="com.google.android.gms.common.api.GoogleApiActivity"
148-->[com.google.android.gms:play-services-base:17.1.0] AndroidManifest.xml:24:13-79
149            android:exported="false"
149-->[com.google.android.gms:play-services-base:17.1.0] AndroidManifest.xml:25:13-37
150            android:theme="@android:style/Theme.Translucent.NoTitleBar" />
150-->[com.google.android.gms:play-services-base:17.1.0] AndroidManifest.xml:26:13-72
151
152        <meta-data
152-->[com.google.android.gms:play-services-basement:17.0.0] AndroidManifest.xml:23:9-25:69
153            android:name="com.google.android.gms.version"
153-->[com.google.android.gms:play-services-basement:17.0.0] AndroidManifest.xml:24:13-58
154            android:value="@integer/google_play_services_version" />
154-->[com.google.android.gms:play-services-basement:17.0.0] AndroidManifest.xml:25:13-66
155    </application>
156
157</manifest>